<?xml version="1.0" encoding="UTF-8"?>
<testng-results ignored="0" total="1" passed="1" failed="0" skipped="0">
  <reporter-output>
  </reporter-output>
  <suite started-at="2024-02-23T10:19:05 IST" name="Default suite" finished-at="2024-02-23T10:19:15 IST" duration-ms="9394">
    <groups>
    </groups>
    <test started-at="2024-02-23T10:19:05 IST" name="Default test" finished-at="2024-02-23T10:19:15 IST" duration-ms="9394">
      <class name="clicflyer.testCases.TC_LoginTest_001">
        <test-method is-config="true" signature="setup()[pri:0, instance:clicflyer.testCases.TC_LoginTest_001@6743e411]" started-at="2024-02-23T10:19:05 IST" name="setup" finished-at="2024-02-23T10:19:09 IST" duration-ms="3147" status="PASS">
          <reporter-output>
          </reporter-output>
        </test-method> <!-- setup -->
        <test-method signature="loginTest()[pri:0, instance:clicflyer.testCases.TC_LoginTest_001@6743e411]" started-at="2024-02-23T10:19:09 IST" name="loginTest" finished-at="2024-02-23T10:19:15 IST" duration-ms="6004" status="PASS">
          <reporter-output>
          </reporter-output>
        </test-method> <!-- loginTest -->
        <test-method is-config="true" signature="teardown()[pri:0, instance:clicflyer.testCases.TC_LoginTest_001@6743e411]" started-at="2024-02-23T10:19:15 IST" name="teardown" finished-at="2024-02-23T10:19:15 IST" duration-ms="196" status="PASS">
          <reporter-output>
          </reporter-output>
        </test-method> <!-- teardown -->
      </class> <!-- clicflyer.testCases.TC_LoginTest_001 -->
    </test> <!-- Default test -->
  </suite> <!-- Default suite -->
</testng-results>
